17:21:22.627 [main] DEBUG - Save package relationships
17:21:22.646 [main] DEBUG - Save part 'docProps/app.xml'
17:21:22.646 [main] DEBUG - Save part 'docProps/core.xml'
17:21:22.649 [main] DEBUG - Save part 'xl/sharedStrings.xml'
17:21:22.650 [main] DEBUG - Save part 'xl/styles.xml'
17:21:22.651 [main] DEBUG - Save part 'xl/theme/theme1.xml'
17:21:22.652 [main] DEBUG - Save part 'xl/workbook.xml'
17:21:22.655 [main] DEBUG - Save part 'xl/worksheets/sheet1.xml'
17:21:22.656 [main] DEBUG - Save part 'xl/worksheets/sheet2.xml'
17:21:22.656 [main] DEBUG - Save part 'xl/worksheets/sheet3.xml'
17:21:22.667 [main] DEBUG - Save part 'xl/worksheets/sheet4.xml'
17:21:22.721 [main] DEBUG - Parsing relationship: /xl/_rels/workbook.xml.rels
17:21:22.723 [main] DEBUG - Parsing relationship: /_rels/.rels
17:21:22.769 [main] DEBUG - Save content types part
17:21:22.772 [main] DEBUG - Save package relationships
17:21:22.775 [main] DEBUG - Save part 'docProps/app.xml'
17:21:22.776 [main] DEBUG - Save part 'docProps/core.xml'
17:21:22.779 [main] DEBUG - Save part 'xl/sharedStrings.xml'
17:21:22.779 [main] DEBUG - Save part 'xl/styles.xml'
17:21:22.780 [main] DEBUG - Save part 'xl/theme/theme1.xml'
17:21:22.781 [main] DEBUG - Save part 'xl/workbook.xml'
17:21:22.784 [main] DEBUG - Save part 'xl/worksheets/sheet1.xml'
17:21:22.785 [main] DEBUG - Save part 'xl/worksheets/sheet2.xml'
17:21:22.786 [main] DEBUG - Save part 'xl/worksheets/sheet3.xml'
17:21:22.786 [main] DEBUG - Save part 'xl/worksheets/sheet4.xml'
17:21:22.879 [main] DEBUG - Parsing relationship: /xl/_rels/workbook.xml.rels
17:21:22.881 [main] DEBUG - Parsing relationship: /_rels/.rels
17:21:22.935 [main] DEBUG - Save content types part
17:21:22.938 [main] DEBUG - Save package relationships
17:21:22.940 [main] DEBUG - Save part 'docProps/app.xml'
17:21:22.941 [main] DEBUG - Save part 'docProps/core.xml'
17:21:22.944 [main] DEBUG - Save part 'xl/sharedStrings.xml'
17:21:22.944 [main] DEBUG - Save part 'xl/styles.xml'
17:21:22.945 [main] DEBUG - Save part 'xl/theme/theme1.xml'
17:21:22.946 [main] DEBUG - Save part 'xl/workbook.xml'
17:21:22.949 [main] DEBUG - Save part 'xl/worksheets/sheet1.xml'
17:21:22.949 [main] DEBUG - Save part 'xl/worksheets/sheet2.xml'
17:21:22.950 [main] DEBUG - Save part 'xl/worksheets/sheet3.xml'
17:21:22.950 [main] DEBUG - Save part 'xl/worksheets/sheet4.xml'
17:21:22.952 [main] INFO  - **** Finished TC_002_UsedCar ****
08:29:57.794 [main] INFO  - **** Starting TC_002_UsedCar ****
08:29:57.798 [main] INFO  - Navigating to the homepage
08:29:58.316 [main] INFO  - checking zigwheels visibility
08:29:58.821 [main] INFO  - checking used cars option visibility
08:29:59.299 [main] INFO  - Hovering over and selecting used cars
08:30:00.405 [main] INFO  - checking Chennai option visibility
08:30:01.184 [main] INFO  - Selecting Chennai used cars
08:30:20.909 [main] INFO  - Checking that the popular models are displayed
08:30:21.120 [main] DEBUG - Parsing relationship: /xl/_rels/workbook.xml.rels
08:30:21.124 [main] DEBUG - Parsing relationship: /_rels/.rels
08:30:21.372 [main] TRACE - Loading type system org.apache.poi.schemas.ooxml.system.ooxml
08:30:21.375 [main] TRACE - Loading type system org.apache.xmlbeans.metadata.system.sXMLCONFIG
08:30:21.377 [main] TRACE - Loading type system org.apache.xmlbeans.metadata.system.sXMLLANG
08:30:21.379 [main] TRACE - Loading type system org.apache.xmlbeans.metadata.system.sXMLSCHEMA
08:30:21.380 [main] TRACE - Loading type system org.apache.xmlbeans.metadata.system.sXMLTOOLS
08:30:21.381 [main] TRACE - Reading unresolved handles for type system org.apache.xmlbeans.metadata.system.sXMLTOOLS
08:30:21.400 [main] TRACE - Finished loading type system org.apache.xmlbeans.metadata.system.sXMLTOOLS
08:30:21.401 [main] TRACE - Reading unresolved handles for type system org.apache.xmlbeans.metadata.system.sXMLSCHEMA
08:30:21.406 [main] TRACE - Finished loading type system org.apache.xmlbeans.metadata.system.sXMLSCHEMA
08:30:21.408 [main] TRACE - Reading unresolved handles for type system org.apache.xmlbeans.metadata.system.sXMLLANG
08:30:21.409 [main] TRACE - Finished loading type system org.apache.xmlbeans.metadata.system.sXMLLANG
08:30:21.411 [main] TRACE - Reading unresolved handles for type system org.apache.xmlbeans.metadata.system.sXMLCONFIG
08:30:21.414 [main] TRACE - Finished loading type system org.apache.xmlbeans.metadata.system.sXMLCONFIG
08:30:21.416 [main] TRACE - Reading unresolved handles for type system org.apache.poi.schemas.ooxml.system.ooxml
08:30:21.483 [main] TRACE - Finished loading type system org.apache.poi.schemas.ooxml.system.ooxml
08:30:21.484 [main] TRACE - Resolving type for handle themefd26doctype
08:30:21.567 [main] TRACE - Resolving type for handle stylesheet5d8bdoctype
08:30:21.572 [main] TRACE - Resolving type for handle ctstylesheet4257type
08:30:21.579 [main] TRACE - Resolving type for handle ctnumfmtsb58btype
08:30:21.583 [main] TRACE - Resolving type for handle ctfonts6623type
08:30:21.587 [main] TRACE - Resolving type for handle ctfont14d8type
08:30:21.599 [main] TRACE - Resolving type for handle ctfills2c6ftype
08:30:21.605 [main] TRACE - Resolving type for handle ctfill550ctype
08:30:21.609 [main] TRACE - Resolving type for handle ctborders0d66type
08:30:21.618 [main] TRACE - Resolving type for handle ctborderf935type
08:30:21.626 [main] TRACE - Resolving type for handle ctcellxfs1322type
08:30:21.634 [main] TRACE - Resolving type for handle ctxf97f7type
08:30:21.650 [main] TRACE - Resolving type for handle ctcellstylexfsa81ftype
08:30:21.656 [main] TRACE - Resolving type for handle ctdxfsb26atype
08:30:21.700 [main] TRACE - Resolving type for handle cttablestyles872ftype
08:30:21.717 [main] TRACE - Resolving type for handle sstf81fdoctype
08:30:21.737 [main] TRACE - Resolving type for handle ctsst44f3type
08:30:21.766 [main] TRACE - Resolving type for handle ctrsta472type
08:30:21.829 [main] TRACE - Resolving type for handle workbookec17doctype
08:30:21.837 [main] TRACE - Resolving type for handle ctworkbook83c3type
08:30:21.847 [main] TRACE - Resolving type for handle ctsheets49fdtype
08:30:21.853 [main] TRACE - Resolving type for handle ctsheet4dbetype
08:30:21.859 [main] TRACE - Resolving type for handle strelationshipid1e94type
08:30:21.866 [main] TRACE - Resolving type for handle worksheetf539doctype
08:30:21.876 [main] TRACE - Resolving type for handle ctworksheet530dtype
08:30:21.887 [main] TRACE - Resolving type for handle ctsheetdata8408type
08:30:21.897 [main] TRACE - Resolving type for handle ctcols627ctype
08:30:21.919 [main] TRACE - Resolving type for handle ctrowdd39type
08:30:21.933 [main] TRACE - Resolving type for handle ctcell842btype
08:30:21.949 [main] TRACE - Resolving type for handle stcellrefe4e0type
08:30:21.994 [main] TRACE - Resolving type for handle stxstringf179type
08:30:22.006 [main] TRACE - Resolving type for handle stcelltypebf95type
08:30:22.054 [main] TRACE - Resolving type for handle stcellstylexfid70c7type
08:30:22.065 [main] TRACE - Resolving type for handle ctsheetdimensiond310type
08:30:22.069 [main] TRACE - Resolving type for handle stref90a2type
08:30:22.081 [main] TRACE - Resolving type for handle propertiesee84doctype
08:30:22.085 [main] TRACE - Resolving type for handle ctproperties3f10type
08:30:22.104 [main] TRACE - Resolving type for handle properties288cdoctype
08:30:22.107 [main] TRACE - Resolving type for handle ctproperties2c18type
08:30:22.140 [main] DEBUG - Save content types part
08:30:22.284 [main] DEBUG - Save package relationships
08:30:22.292 [main] DEBUG - Save part 'docProps/app.xml'
08:30:22.292 [main] DEBUG - Save part 'docProps/core.xml'
08:30:22.298 [main] DEBUG - Save part 'xl/sharedStrings.xml'
08:30:22.299 [main] DEBUG - Save part 'xl/styles.xml'
08:30:22.299 [main] DEBUG - Save part 'xl/theme/theme1.xml'
08:30:22.300 [main] DEBUG - Save part 'xl/workbook.xml'
08:30:22.302 [main] DEBUG - Save part 'xl/worksheets/sheet1.xml'
08:30:22.303 [main] DEBUG - Save part 'xl/worksheets/sheet2.xml'
08:30:22.303 [main] DEBUG - Save part 'xl/worksheets/sheet3.xml'
08:30:22.303 [main] DEBUG - Save part 'xl/worksheets/sheet4.xml'
08:30:24.517 [main] DEBUG - Parsing relationship: /xl/_rels/workbook.xml.rels
08:30:24.519 [main] DEBUG - Parsing relationship: /_rels/.rels
08:30:24.575 [main] DEBUG - Save content types part
08:30:24.578 [main] DEBUG - Save package relationships
08:30:24.580 [main] DEBUG - Save part 'docProps/app.xml'
08:30:24.581 [main] DEBUG - Save part 'docProps/core.xml'
08:30:24.583 [main] DEBUG - Save part 'xl/sharedStrings.xml'
08:30:24.584 [main] DEBUG - Save part 'xl/styles.xml'
08:30:24.584 [main] DEBUG - Save part 'xl/theme/theme1.xml'
08:30:24.585 [main] DEBUG - Save part 'xl/workbook.xml'
08:30:24.587 [main] DEBUG - Save part 'xl/worksheets/sheet1.xml'
08:30:24.588 [main] DEBUG - Save part 'xl/worksheets/sheet2.xml'
08:30:24.588 [main] DEBUG - Save part 'xl/worksheets/sheet3.xml'
08:30:24.588 [main] DEBUG - Save part 'xl/worksheets/sheet4.xml'
08:30:24.631 [main] DEBUG - Parsing relationship: /xl/_rels/workbook.xml.rels
08:30:24.633 [main] DEBUG - Parsing relationship: /_rels/.rels
08:30:24.670 [main] DEBUG - Save content types part
08:30:24.672 [main] DEBUG - Save package relationships
08:30:24.674 [main] DEBUG - Save part 'docProps/app.xml'
08:30:24.674 [main] DEBUG - Save part 'docProps/core.xml'
08:30:24.676 [main] DEBUG - Save part 'xl/sharedStrings.xml'
08:30:24.676 [main] DEBUG - Save part 'xl/styles.xml'
08:30:24.676 [main] DEBUG - Save part 'xl/theme/theme1.xml'
08:30:24.677 [main] DEBUG - Save part 'xl/workbook.xml'
08:30:24.679 [main] DEBUG - Save part 'xl/worksheets/sheet1.xml'
08:30:24.680 [main] DEBUG - Save part 'xl/worksheets/sheet2.xml'
08:30:24.680 [main] DEBUG - Save part 'xl/worksheets/sheet3.xml'
08:30:24.680 [main] DEBUG - Save part 'xl/worksheets/sheet4.xml'
08:30:24.726 [main] DEBUG - Parsing relationship: /xl/_rels/workbook.xml.rels
08:30:24.727 [main] DEBUG - Parsing relationship: /_rels/.rels
08:30:24.814 [main] DEBUG - Save content types part
08:30:24.816 [main] DEBUG - Save package relationships
08:30:24.817 [main] DEBUG - Save part 'docProps/app.xml'
08:30:24.817 [main] DEBUG - Save part 'docProps/core.xml'
08:30:24.819 [main] DEBUG - Save part 'xl/sharedStrings.xml'
08:30:24.820 [main] DEBUG - Save part 'xl/styles.xml'
08:30:24.820 [main] DEBUG - Save part 'xl/theme/theme1.xml'
08:30:24.821 [main] DEBUG - Save part 'xl/workbook.xml'
08:30:24.826 [main] DEBUG - Save part 'xl/worksheets/sheet1.xml'
08:30:24.826 [main] DEBUG - Save part 'xl/worksheets/sheet2.xml'
08:30:24.827 [main] DEBUG - Save part 'xl/worksheets/sheet3.xml'
08:30:24.827 [main] DEBUG - Save part 'xl/worksheets/sheet4.xml'
08:30:24.881 [main] DEBUG - Parsing relationship: /xl/_rels/workbook.xml.rels
08:30:24.882 [main] DEBUG - Parsing relationship: /_rels/.rels
08:30:24.930 [main] DEBUG - Save content types part
08:30:24.931 [main] DEBUG - Save package relationships
08:30:24.933 [main] DEBUG - Save part 'docProps/app.xml'
08:30:24.934 [main] DEBUG - Save part 'docProps/core.xml'
08:30:24.937 [main] DEBUG - Save part 'xl/sharedStrings.xml'
08:30:24.937 [main] DEBUG - Save part 'xl/styles.xml'
08:30:24.937 [main] DEBUG - Save part 'xl/theme/theme1.xml'
08:30:24.938 [main] DEBUG - Save part 'xl/workbook.xml'
08:30:24.940 [main] DEBUG - Save part 'xl/worksheets/sheet1.xml'
08:30:24.941 [main] DEBUG - Save part 'xl/worksheets/sheet2.xml'
08:30:24.941 [main] DEBUG - Save part 'xl/worksheets/sheet3.xml'
08:30:24.941 [main] DEBUG - Save part 'xl/worksheets/sheet4.xml'
08:30:24.983 [main] DEBUG - Parsing relationship: /xl/_rels/workbook.xml.rels
08:30:24.985 [main] DEBUG - Parsing relationship: /_rels/.rels
08:30:25.032 [main] DEBUG - Save content types part
08:30:25.034 [main] DEBUG - Save package relationships
08:30:25.036 [main] DEBUG - Save part 'docProps/app.xml'
08:30:25.036 [main] DEBUG - Save part 'docProps/core.xml'
08:30:25.038 [main] DEBUG - Save part 'xl/sharedStrings.xml'
08:30:25.038 [main] DEBUG - Save part 'xl/styles.xml'
08:30:25.038 [main] DEBUG - Save part 'xl/theme/theme1.xml'
08:30:25.039 [main] DEBUG - Save part 'xl/workbook.xml'
08:30:25.040 [main] DEBUG - Save part 'xl/worksheets/sheet1.xml'
08:30:25.041 [main] DEBUG - Save part 'xl/worksheets/sheet2.xml'
08:30:25.041 [main] DEBUG - Save part 'xl/worksheets/sheet3.xml'
08:30:25.041 [main] DEBUG - Save part 'xl/worksheets/sheet4.xml'
08:30:25.095 [main] DEBUG - Parsing relationship: /xl/_rels/workbook.xml.rels
08:30:25.097 [main] DEBUG - Parsing relationship: /_rels/.rels
08:30:25.136 [main] DEBUG - Save content types part
08:30:25.138 [main] DEBUG - Save package relationships
08:30:25.140 [main] DEBUG - Save part 'docProps/app.xml'
08:30:25.140 [main] DEBUG - Save part 'docProps/core.xml'
08:30:25.142 [main] DEBUG - Save part 'xl/sharedStrings.xml'
08:30:25.143 [main] DEBUG - Save part 'xl/styles.xml'
08:30:25.143 [main] DEBUG - Save part 'xl/theme/theme1.xml'
08:30:25.144 [main] DEBUG - Save part 'xl/workbook.xml'
08:30:25.147 [main] DEBUG - Save part 'xl/worksheets/sheet1.xml'
08:30:25.147 [main] DEBUG - Save part 'xl/worksheets/sheet2.xml'
08:30:25.148 [main] DEBUG - Save part 'xl/worksheets/sheet3.xml'
08:30:25.148 [main] DEBUG - Save part 'xl/worksheets/sheet4.xml'
08:30:25.199 [main] DEBUG - Parsing relationship: /xl/_rels/workbook.xml.rels
08:30:25.200 [main] DEBUG - Parsing relationship: /_rels/.rels
08:30:25.245 [main] DEBUG - Save content types part
08:30:25.249 [main] DEBUG - Save package relationships
08:30:25.251 [main] DEBUG - Save part 'docProps/app.xml'
08:30:25.252 [main] DEBUG - Save part 'docProps/core.xml'
08:30:25.255 [main] DEBUG - Save part 'xl/sharedStrings.xml'
08:30:25.256 [main] DEBUG - Save part 'xl/styles.xml'
08:30:25.257 [main] DEBUG - Save part 'xl/theme/theme1.xml'
08:30:25.257 [main] DEBUG - Save part 'xl/workbook.xml'
08:30:25.261 [main] DEBUG - Save part 'xl/worksheets/sheet1.xml'
08:30:25.262 [main] DEBUG - Save part 'xl/worksheets/sheet2.xml'
08:30:25.262 [main] DEBUG - Save part 'xl/worksheets/sheet3.xml'
08:30:25.263 [main] DEBUG - Save part 'xl/worksheets/sheet4.xml'
08:30:25.308 [main] DEBUG - Parsing relationship: /xl/_rels/workbook.xml.rels
08:30:25.309 [main] DEBUG - Parsing relationship: /_rels/.rels
08:30:25.354 [main] DEBUG - Save content types part
08:30:25.359 [main] DEBUG - Save package relationships
08:30:25.363 [main] DEBUG - Save part 'docProps/app.xml'
08:30:25.363 [main] DEBUG - Save part 'docProps/core.xml'
08:30:25.368 [main] DEBUG - Save part 'xl/sharedStrings.xml'
08:30:25.370 [main] DEBUG - Save part 'xl/styles.xml'
08:30:25.372 [main] DEBUG - Save part 'xl/theme/theme1.xml'
08:30:25.373 [main] DEBUG - Save part 'xl/workbook.xml'
08:30:25.380 [main] DEBUG - Save part 'xl/worksheets/sheet1.xml'
08:30:25.382 [main] DEBUG - Save part 'xl/worksheets/sheet2.xml'
08:30:25.385 [main] DEBUG - Save part 'xl/worksheets/sheet3.xml'
08:30:25.386 [main] DEBUG - Save part 'xl/worksheets/sheet4.xml'
08:30:25.522 [main] DEBUG - Parsing relationship: /xl/_rels/workbook.xml.rels
08:30:25.522 [main] DEBUG - Parsing relationship: /_rels/.rels
08:30:25.563 [main] DEBUG - Save content types part
08:30:25.565 [main] DEBUG - Save package relationships
08:30:25.568 [main] DEBUG - Save part 'docProps/app.xml'
08:30:25.569 [main] DEBUG - Save part 'docProps/core.xml'
08:30:25.573 [main] DEBUG - Save part 'xl/sharedStrings.xml'
08:30:25.574 [main] DEBUG - Save part 'xl/styles.xml'
08:30:25.574 [main] DEBUG - Save part 'xl/theme/theme1.xml'
08:30:25.575 [main] DEBUG - Save part 'xl/workbook.xml'
08:30:25.577 [main] DEBUG - Save part 'xl/worksheets/sheet1.xml'
08:30:25.577 [main] DEBUG - Save part 'xl/worksheets/sheet2.xml'
08:30:25.578 [main] DEBUG - Save part 'xl/worksheets/sheet3.xml'
08:30:25.579 [main] DEBUG - Save part 'xl/worksheets/sheet4.xml'
08:30:25.581 [main] INFO  - **** Finished TC_002_UsedCar ****
08:31:45.324 [main] INFO  - **** Starting TC_003_LoginSignup ****
08:31:45.327 [main] INFO  - Navigating to the homepage
08:31:48.415 [main] INFO  - Clicking on the Login/Signup button
08:31:49.296 [main] INFO  - Selecting the Google button
08:31:50.021 [main] INFO  - Verifying that the Login/SignUp card is displayed
08:32:11.980 [main] INFO  - Navigating to the Google Accounts sign in page
08:32:20.063 [main] INFO  - Entering email
08:32:20.681 [main] INFO  - Clicking on the next button
08:32:22.019 [main] INFO  - Capturing error message
08:32:22.131 [main] INFO  - **** Finished TC_003_LoginSignup ****
08:32:47.624 [main] INFO  - **** Starting TC_002_UsedCar ****
08:32:47.625 [main] INFO  - Navigating to the homepage
08:32:48.346 [main] INFO  - checking zigwheels visibility
08:32:48.920 [main] INFO  - checking used cars option visibility
08:32:49.466 [main] INFO  - Hovering over and selecting used cars
08:32:50.385 [main] INFO  - checking Chennai option visibility
08:32:50.908 [main] INFO  - Selecting Chennai used cars
08:33:02.067 [main] INFO  - Checking that the popular models are displayed
08:33:02.244 [main] DEBUG - Parsing relationship: /xl/_rels/workbook.xml.rels
08:33:02.255 [main] DEBUG - Parsing relationship: /_rels/.rels
08:33:02.540 [main] TRACE - Loading type system org.apache.poi.schemas.ooxml.system.ooxml
08:33:02.545 [main] TRACE - Loading type system org.apache.xmlbeans.metadata.system.sXMLCONFIG
08:33:02.545 [main] TRACE - Loading type system org.apache.xmlbeans.metadata.system.sXMLLANG
08:33:02.546 [main] TRACE - Loading type system org.apache.xmlbeans.metadata.system.sXMLSCHEMA
08:33:02.546 [main] TRACE - Loading type system org.apache.xmlbeans.metadata.system.sXMLTOOLS
08:33:02.548 [main] TRACE - Reading unresolved handles for type system org.apache.xmlbeans.metadata.system.sXMLTOOLS
08:33:02.564 [main] TRACE - Finished loading type system org.apache.xmlbeans.metadata.system.sXMLTOOLS
08:33:02.565 [main] TRACE - Reading unresolved handles for type system org.apache.xmlbeans.metadata.system.sXMLSCHEMA
08:33:02.572 [main] TRACE - Finished loading type system org.apache.xmlbeans.metadata.system.sXMLSCHEMA
08:33:02.574 [main] TRACE - Reading unresolved handles for type system org.apache.xmlbeans.metadata.system.sXMLLANG
08:33:02.575 [main] TRACE - Finished loading type system org.apache.xmlbeans.metadata.system.sXMLLANG
08:33:02.576 [main] TRACE - Reading unresolved handles for type system org.apache.xmlbeans.metadata.system.sXMLCONFIG
08:33:02.577 [main] TRACE - Finished loading type system org.apache.xmlbeans.metadata.system.sXMLCONFIG
08:33:02.578 [main] TRACE - Reading unresolved handles for type system org.apache.poi.schemas.ooxml.system.ooxml
08:33:02.632 [main] TRACE - Finished loading type system org.apache.poi.schemas.ooxml.system.ooxml
08:33:02.633 [main] TRACE - Resolving type for handle themefd26doctype
08:33:02.714 [main] TRACE - Resolving type for handle stylesheet5d8bdoctype
08:33:02.724 [main] TRACE - Resolving type for handle ctstylesheet4257type
08:33:02.733 [main] TRACE - Resolving type for handle ctnumfmtsb58btype
08:33:02.742 [main] TRACE - Resolving type for handle ctfonts6623type
08:33:02.748 [main] TRACE - Resolving type for handle ctfont14d8type
08:33:02.757 [main] TRACE - Resolving type for handle ctfills2c6ftype
08:33:02.761 [main] TRACE - Resolving type for handle ctfill550ctype
08:33:02.763 [main] TRACE - Resolving type for handle ctborders0d66type
08:33:02.767 [main] TRACE - Resolving type for handle ctborderf935type
08:33:02.772 [main] TRACE - Resolving type for handle ctcellxfs1322type
08:33:02.777 [main] TRACE - Resolving type for handle ctxf97f7type
08:33:02.782 [main] TRACE - Resolving type for handle ctcellstylexfsa81ftype
08:33:02.786 [main] TRACE - Resolving type for handle ctdxfsb26atype
08:33:02.789 [main] TRACE - Resolving type for handle cttablestyles872ftype
08:33:02.794 [main] TRACE - Resolving type for handle sstf81fdoctype
08:33:02.804 [main] TRACE - Resolving type for handle ctsst44f3type
08:33:02.821 [main] TRACE - Resolving type for handle ctrsta472type
08:33:02.851 [main] TRACE - Resolving type for handle workbookec17doctype
08:33:02.858 [main] TRACE - Resolving type for handle ctworkbook83c3type
08:33:02.866 [main] TRACE - Resolving type for handle ctsheets49fdtype
08:33:02.871 [main] TRACE - Resolving type for handle ctsheet4dbetype
08:33:02.874 [main] TRACE - Resolving type for handle strelationshipid1e94type
08:33:02.877 [main] TRACE - Resolving type for handle worksheetf539doctype
08:33:02.886 [main] TRACE - Resolving type for handle ctworksheet530dtype
08:33:02.896 [main] TRACE - Resolving type for handle ctsheetdata8408type
08:33:02.904 [main] TRACE - Resolving type for handle ctcols627ctype
08:33:02.919 [main] TRACE - Resolving type for handle ctrowdd39type
08:33:02.925 [main] TRACE - Resolving type for handle ctcell842btype
08:33:02.933 [main] TRACE - Resolving type for handle stcellrefe4e0type
08:33:02.956 [main] TRACE - Resolving type for handle stxstringf179type
08:33:02.965 [main] TRACE - Resolving type for handle stcelltypebf95type
08:33:03.006 [main] TRACE - Resolving type for handle stcellstylexfid70c7type
08:33:03.024 [main] TRACE - Resolving type for handle ctsheetdimensiond310type
08:33:03.027 [main] TRACE - Resolving type for handle stref90a2type
08:33:03.045 [main] TRACE - Resolving type for handle propertiesee84doctype
08:33:03.050 [main] TRACE - Resolving type for handle ctproperties3f10type
08:33:03.065 [main] TRACE - Resolving type for handle properties288cdoctype
08:33:03.067 [main] TRACE - Resolving type for handle ctproperties2c18type
08:33:03.085 [main] DEBUG - Save content types part
08:33:03.180 [main] DEBUG - Save package relationships
08:33:03.188 [main] DEBUG - Save part 'docProps/app.xml'
08:33:03.189 [main] DEBUG - Save part 'docProps/core.xml'
08:33:03.198 [main] DEBUG - Save part 'xl/sharedStrings.xml'
08:33:03.198 [main] DEBUG - Save part 'xl/styles.xml'
08:33:03.199 [main] DEBUG - Save part 'xl/theme/theme1.xml'
08:33:03.200 [main] DEBUG - Save part 'xl/workbook.xml'
08:33:03.207 [main] DEBUG - Save part 'xl/worksheets/sheet1.xml'
08:33:03.207 [main] DEBUG - Save part 'xl/worksheets/sheet2.xml'
08:33:03.208 [main] DEBUG - Save part 'xl/worksheets/sheet3.xml'
08:33:03.209 [main] DEBUG - Save part 'xl/worksheets/sheet4.xml'
08:33:05.380 [main] DEBUG - Parsing relationship: /xl/_rels/workbook.xml.rels
08:33:05.382 [main] DEBUG - Parsing relationship: /_rels/.rels
08:33:05.438 [main] DEBUG - Save content types part
08:33:05.440 [main] DEBUG - Save package relationships
08:33:05.442 [main] DEBUG - Save part 'docProps/app.xml'
08:33:05.442 [main] DEBUG - Save part 'docProps/core.xml'
08:33:05.445 [main] DEBUG - Save part 'xl/sharedStrings.xml'
08:33:05.446 [main] DEBUG - Save part 'xl/styles.xml'
08:33:05.446 [main] DEBUG - Save part 'xl/theme/theme1.xml'
08:33:05.447 [main] DEBUG - Save part 'xl/workbook.xml'
08:33:05.449 [main] DEBUG - Save part 'xl/worksheets/sheet1.xml'
08:33:05.450 [main] DEBUG - Save part 'xl/worksheets/sheet2.xml'
08:33:05.451 [main] DEBUG - Save part 'xl/worksheets/sheet3.xml'
08:33:05.451 [main] DEBUG - Save part 'xl/worksheets/sheet4.xml'
08:33:05.499 [main] DEBUG - Parsing relationship: /xl/_rels/workbook.xml.rels
08:33:05.500 [main] DEBUG - Parsing relationship: /_rels/.rels
08:33:05.559 [main] DEBUG - Save content types part
08:33:05.563 [main] DEBUG - Save package relationships
08:33:05.566 [main] DEBUG - Save part 'docProps/app.xml'
08:33:05.567 [main] DEBUG - Save part 'docProps/core.xml'
08:33:05.571 [main] DEBUG - Save part 'xl/sharedStrings.xml'
08:33:05.571 [main] DEBUG - Save part 'xl/styles.xml'
08:33:05.572 [main] DEBUG - Save part 'xl/theme/theme1.xml'
08:33:05.573 [main] DEBUG - Save part 'xl/workbook.xml'
08:33:05.577 [main] DEBUG - Save part 'xl/worksheets/sheet1.xml'
08:33:05.577 [main] DEBUG - Save part 'xl/worksheets/sheet2.xml'
08:33:05.577 [main] DEBUG - Save part 'xl/worksheets/sheet3.xml'
08:33:05.578 [main] DEBUG - Save part 'xl/worksheets/sheet4.xml'
08:33:05.618 [main] DEBUG - Parsing relationship: /xl/_rels/workbook.xml.rels
08:33:05.620 [main] DEBUG - Parsing relationship: /_rels/.rels
08:33:05.666 [main] DEBUG - Save content types part
08:33:05.668 [main] DEBUG - Save package relationships
08:33:05.671 [main] DEBUG - Save part 'docProps/app.xml'
08:33:05.671 [main] DEBUG - Save part 'docProps/core.xml'
08:33:05.673 [main] DEBUG - Save part 'xl/sharedStrings.xml'
08:33:05.674 [main] DEBUG - Save part 'xl/styles.xml'
08:33:05.674 [main] DEBUG - Save part 'xl/theme/theme1.xml'
08:33:05.675 [main] DEBUG - Save part 'xl/workbook.xml'
08:33:05.678 [main] DEBUG - Save part 'xl/worksheets/sheet1.xml'
08:33:05.679 [main] DEBUG - Save part 'xl/worksheets/sheet2.xml'
08:33:05.679 [main] DEBUG - Save part 'xl/worksheets/sheet3.xml'
08:33:05.679 [main] DEBUG - Save part 'xl/worksheets/sheet4.xml'
08:33:05.752 [main] DEBUG - Parsing relationship: /xl/_rels/workbook.xml.rels
08:33:05.754 [main] DEBUG - Parsing relationship: /_rels/.rels
08:33:05.822 [main] DEBUG - Save content types part
08:33:05.824 [main] DEBUG - Save package relationships
08:33:05.825 [main] DEBUG - Save part 'docProps/app.xml'
08:33:05.826 [main] DEBUG - Save part 'docProps/core.xml'
08:33:05.827 [main] DEBUG - Save part 'xl/sharedStrings.xml'
08:33:05.828 [main] DEBUG - Save part 'xl/styles.xml'
08:33:05.828 [main] DEBUG - Save part 'xl/theme/theme1.xml'
08:33:05.828 [main] DEBUG - Save part 'xl/workbook.xml'
08:33:05.830 [main] DEBUG - Save part 'xl/worksheets/sheet1.xml'
08:33:05.830 [main] DEBUG - Save part 'xl/worksheets/sheet2.xml'
08:33:05.831 [main] DEBUG - Save part 'xl/worksheets/sheet3.xml'
08:33:05.831 [main] DEBUG - Save part 'xl/worksheets/sheet4.xml'
08:33:05.902 [main] DEBUG - Parsing relationship: /xl/_rels/workbook.xml.rels
08:33:05.906 [main] DEBUG - Parsing relationship: /_rels/.rels
08:33:05.949 [main] DEBUG - Save content types part
08:33:05.951 [main] DEBUG - Save package relationships
08:33:05.953 [main] DEBUG - Save part 'docProps/app.xml'
08:33:05.954 [main] DEBUG - Save part 'docProps/core.xml'
08:33:05.956 [main] DEBUG - Save part 'xl/sharedStrings.xml'
08:33:05.956 [main] DEBUG - Save part 'xl/styles.xml'
08:33:05.956 [main] DEBUG - Save part 'xl/theme/theme1.xml'
08:33:05.957 [main] DEBUG - Save part 'xl/workbook.xml'
08:33:05.959 [main] DEBUG - Save part 'xl/worksheets/sheet1.xml'
08:33:05.960 [main] DEBUG - Save part 'xl/worksheets/sheet2.xml'
08:33:05.960 [main] DEBUG - Save part 'xl/worksheets/sheet3.xml'
08:33:05.961 [main] DEBUG - Save part 'xl/worksheets/sheet4.xml'
08:33:06.024 [main] DEBUG - Parsing relationship: /xl/_rels/workbook.xml.rels
08:33:06.024 [main] DEBUG - Parsing relationship: /_rels/.rels
08:33:06.083 [main] DEBUG - Save content types part
08:33:06.085 [main] DEBUG - Save package relationships
08:33:06.087 [main] DEBUG - Save part 'docProps/app.xml'
08:33:06.088 [main] DEBUG - Save part 'docProps/core.xml'
08:33:06.090 [main] DEBUG - Save part 'xl/sharedStrings.xml'
08:33:06.090 [main] DEBUG - Save part 'xl/styles.xml'
08:33:06.091 [main] DEBUG - Save part 'xl/theme/theme1.xml'
08:33:06.091 [main] DEBUG - Save part 'xl/workbook.xml'
08:33:06.096 [main] DEBUG - Save part 'xl/worksheets/sheet1.xml'
08:33:06.097 [main] DEBUG - Save part 'xl/worksheets/sheet2.xml'
08:33:06.097 [main] DEBUG - Save part 'xl/worksheets/sheet3.xml'
08:33:06.097 [main] DEBUG - Save part 'xl/worksheets/sheet4.xml'
08:33:06.168 [main] DEBUG - Parsing relationship: /xl/_rels/workbook.xml.rels
08:33:06.169 [main] DEBUG - Parsing relationship: /_rels/.rels
08:33:06.236 [main] DEBUG - Save content types part
08:33:06.239 [main] DEBUG - Save package relationships
08:33:06.242 [main] DEBUG - Save part 'docProps/app.xml'
08:33:06.244 [main] DEBUG - Save part 'docProps/core.xml'
08:33:06.249 [main] DEBUG - Save part 'xl/sharedStrings.xml'
08:33:06.250 [main] DEBUG - Save part 'xl/styles.xml'
08:33:06.250 [main] DEBUG - Save part 'xl/theme/theme1.xml'
08:33:06.251 [main] DEBUG - Save part 'xl/workbook.xml'
08:33:06.253 [main] DEBUG - Save part 'xl/worksheets/sheet1.xml'
08:33:06.253 [main] DEBUG - Save part 'xl/worksheets/sheet2.xml'
08:33:06.254 [main] DEBUG - Save part 'xl/worksheets/sheet3.xml'
08:33:06.254 [main] DEBUG - Save part 'xl/worksheets/sheet4.xml'
08:33:06.316 [main] DEBUG - Parsing relationship: /xl/_rels/workbook.xml.rels
08:33:06.317 [main] DEBUG - Parsing relationship: /_rels/.rels
08:33:06.359 [main] DEBUG - Save content types part
08:33:06.361 [main] DEBUG - Save package relationships
08:33:06.363 [main] DEBUG - Save part 'docProps/app.xml'
08:33:06.363 [main] DEBUG - Save part 'docProps/core.xml'
08:33:06.365 [main] DEBUG - Save part 'xl/sharedStrings.xml'
08:33:06.365 [main] DEBUG - Save part 'xl/styles.xml'
08:33:06.365 [main] DEBUG - Save part 'xl/theme/theme1.xml'
08:33:06.365 [main] DEBUG - Save part 'xl/workbook.xml'
08:33:06.367 [main] DEBUG - Save part 'xl/worksheets/sheet1.xml'
08:33:06.367 [main] DEBUG - Save part 'xl/worksheets/sheet2.xml'
08:33:06.368 [main] DEBUG - Save part 'xl/worksheets/sheet3.xml'
08:33:06.368 [main] DEBUG - Save part 'xl/worksheets/sheet4.xml'
08:33:06.410 [main] DEBUG - Parsing relationship: /xl/_rels/workbook.xml.rels
08:33:06.411 [main] DEBUG - Parsing relationship: /_rels/.rels
08:33:06.462 [main] DEBUG - Save content types part
08:33:06.468 [main] DEBUG - Save package relationships
08:33:06.472 [main] DEBUG - Save part 'docProps/app.xml'
08:33:06.473 [main] DEBUG - Save part 'docProps/core.xml'
08:33:06.477 [main] DEBUG - Save part 'xl/sharedStrings.xml'
08:33:06.477 [main] DEBUG - Save part 'xl/styles.xml'
08:33:06.478 [main] DEBUG - Save part 'xl/theme/theme1.xml'
08:33:06.478 [main] DEBUG - Save part 'xl/workbook.xml'
08:33:06.480 [main] DEBUG - Save part 'xl/worksheets/sheet1.xml'
08:33:06.481 [main] DEBUG - Save part 'xl/worksheets/sheet2.xml'
08:33:06.482 [main] DEBUG - Save part 'xl/worksheets/sheet3.xml'
08:33:06.483 [main] DEBUG - Save part 'xl/worksheets/sheet4.xml'
08:33:06.487 [main] INFO  - **** Finished TC_002_UsedCar ****
08:33:25.533 [main] INFO  - **** Starting TC_001_UpcomingBike ****
08:33:25.533 [main] INFO  - clicking on  New Bikes 
08:33:26.530 [main] INFO  - Selecting Upcoming Bikes
08:33:29.651 [main] INFO  - checking Upcoming Bikes page is displayed or not
08:33:30.113 [main] INFO  - clicking on Manufacturers dropdown
08:33:31.307 [main] INFO  - selecting Honda brand
08:33:32.885 [main] INFO  - checking ViewMore button visibility
08:34:01.848 [main] INFO  - checking Honda upcoming Bikes page is displayed or not
08:34:02.184 [main] INFO  - checking all honda bikes names are there or not
08:34:02.473 [main] INFO  - checking all honda bikes prices are there or not
08:34:02.785 [main] INFO  - checking all honda bikes expected dates are there or not
08:34:03.025 [main] INFO  - Displaying bikes details
08:34:03.228 [main] DEBUG - Parsing relationship: /xl/_rels/workbook.xml.rels
08:34:03.229 [main] DEBUG - Parsing relationship: /_rels/.rels
08:34:03.277 [main] DEBUG - Save content types part
08:34:03.280 [main] DEBUG - Save package relationships
08:34:03.282 [main] DEBUG - Save part 'docProps/app.xml'
08:34:03.282 [main] DEBUG - Save part 'docProps/core.xml'
08:34:03.284 [main] DEBUG - Save part 'xl/sharedStrings.xml'
08:34:03.285 [main] DEBUG - Save part 'xl/styles.xml'
08:34:03.285 [main] DEBUG - Save part 'xl/theme/theme1.xml'
08:34:03.286 [main] DEBUG - Save part 'xl/workbook.xml'
08:34:03.289 [main] DEBUG - Save part 'xl/worksheets/sheet1.xml'
08:34:03.289 [main] DEBUG - Save part 'xl/worksheets/sheet2.xml'
08:34:03.289 [main] DEBUG - Save part 'xl/worksheets/sheet3.xml'
08:34:03.290 [main] DEBUG - Save part 'xl/worksheets/sheet4.xml'
08:34:03.297 [main] DEBUG - Parsing relationship: /xl/_rels/workbook.xml.rels
08:34:03.297 [main] DEBUG - Parsing relationship: /_rels/.rels
08:34:03.339 [main] DEBUG - Save content types part
08:34:03.343 [main] DEBUG - Save package relationships
08:34:03.345 [main] DEBUG - Save part 'docProps/app.xml'
08:34:03.346 [main] DEBUG - Save part 'docProps/core.xml'
08:34:03.349 [main] DEBUG - Save part 'xl/sharedStrings.xml'
08:34:03.350 [main] DEBUG - Save part 'xl/styles.xml'
08:34:03.350 [main] DEBUG - Save part 'xl/theme/theme1.xml'
08:34:03.351 [main] DEBUG - Save part 'xl/workbook.xml'
08:34:03.353 [main] DEBUG - Save part 'xl/worksheets/sheet1.xml'
08:34:03.354 [main] DEBUG - Save part 'xl/worksheets/sheet2.xml'
08:34:03.354 [main] DEBUG - Save part 'xl/worksheets/sheet3.xml'
08:34:03.354 [main] DEBUG - Save part 'xl/worksheets/sheet4.xml'
08:34:03.393 [main] DEBUG - Parsing relationship: /xl/_rels/workbook.xml.rels
08:34:03.394 [main] DEBUG - Parsing relationship: /_rels/.rels
08:34:03.462 [main] DEBUG - Save content types part
08:34:03.465 [main] DEBUG - Save package relationships
08:34:03.469 [main] DEBUG - Save part 'docProps/app.xml'
08:34:03.470 [main] DEBUG - Save part 'docProps/core.xml'
08:34:03.472 [main] DEBUG - Save part 'xl/sharedStrings.xml'
08:34:03.473 [main] DEBUG - Save part 'xl/styles.xml'
08:34:03.473 [main] DEBUG - Save part 'xl/theme/theme1.xml'
08:34:03.474 [main] DEBUG - Save part 'xl/workbook.xml'
08:34:03.478 [main] DEBUG - Save part 'xl/worksheets/sheet1.xml'
08:34:03.479 [main] DEBUG - Save part 'xl/worksheets/sheet2.xml'
08:34:03.479 [main] DEBUG - Save part 'xl/worksheets/sheet3.xml'
08:34:03.479 [main] DEBUG - Save part 'xl/worksheets/sheet4.xml'
08:34:03.817 [main] DEBUG - Parsing relationship: /xl/_rels/workbook.xml.rels
08:34:03.820 [main] DEBUG - Parsing relationship: /_rels/.rels
08:34:03.881 [main] DEBUG - Save content types part
08:34:03.887 [main] DEBUG - Save package relationships
08:34:03.890 [main] DEBUG - Save part 'docProps/app.xml'
08:34:03.891 [main] DEBUG - Save part 'docProps/core.xml'
08:34:03.896 [main] DEBUG - Save part 'xl/sharedStrings.xml'
08:34:03.897 [main] DEBUG - Save part 'xl/styles.xml'
08:34:03.898 [main] DEBUG - Save part 'xl/theme/theme1.xml'
08:34:03.899 [main] DEBUG - Save part 'xl/workbook.xml'
08:34:03.905 [main] DEBUG - Save part 'xl/worksheets/sheet1.xml'
08:34:03.906 [main] DEBUG - Save part 'xl/worksheets/sheet2.xml'
08:34:03.906 [main] DEBUG - Save part 'xl/worksheets/sheet3.xml'
08:34:03.906 [main] DEBUG - Save part 'xl/worksheets/sheet4.xml'
08:34:03.920 [main] DEBUG - Parsing relationship: /xl/_rels/workbook.xml.rels
08:34:03.922 [main] DEBUG - Parsing relationship: /_rels/.rels
08:34:03.986 [main] DEBUG - Save content types part
08:34:03.989 [main] DEBUG - Save package relationships
08:34:03.991 [main] DEBUG - Save part 'docProps/app.xml'
08:34:03.992 [main] DEBUG - Save part 'docProps/core.xml'
08:34:03.996 [main] DEBUG - Save part 'xl/sharedStrings.xml'
08:34:03.997 [main] DEBUG - Save part 'xl/styles.xml'
08:34:03.998 [main] DEBUG - Save part 'xl/theme/theme1.xml'
08:34:04.000 [main] DEBUG - Save part 'xl/workbook.xml'
08:34:04.004 [main] DEBUG - Save part 'xl/worksheets/sheet1.xml'
08:34:04.005 [main] DEBUG - Save part 'xl/worksheets/sheet2.xml'
08:34:04.005 [main] DEBUG - Save part 'xl/worksheets/sheet3.xml'
08:34:04.006 [main] DEBUG - Save part 'xl/worksheets/sheet4.xml'
08:34:04.030 [main] DEBUG - Parsing relationship: /xl/_rels/workbook.xml.rels
08:34:04.032 [main] DEBUG - Parsing relationship: /_rels/.rels
08:34:04.099 [main] DEBUG - Save content types part
08:34:04.104 [main] DEBUG - Save package relationships
08:34:04.107 [main] DEBUG - Save part 'docProps/app.xml'
08:34:04.108 [main] DEBUG - Save part 'docProps/core.xml'
08:34:04.112 [main] DEBUG - Save part 'xl/sharedStrings.xml'
08:34:04.113 [main] DEBUG - Save part 'xl/styles.xml'
08:34:04.114 [main] DEBUG - Save part 'xl/theme/theme1.xml'
08:34:04.115 [main] DEBUG - Save part 'xl/workbook.xml'
08:34:04.121 [main] DEBUG - Save part 'xl/worksheets/sheet1.xml'
08:34:04.122 [main] DEBUG - Save part 'xl/worksheets/sheet2.xml'
08:34:04.122 [main] DEBUG - Save part 'xl/worksheets/sheet3.xml'
08:34:04.123 [main] DEBUG - Save part 'xl/worksheets/sheet4.xml'
08:34:04.592 [main] DEBUG - Parsing relationship: /xl/_rels/workbook.xml.rels
08:34:04.594 [main] DEBUG - Parsing relationship: /_rels/.rels
08:34:04.641 [main] DEBUG - Save content types part
08:34:04.645 [main] DEBUG - Save package relationships
08:34:04.649 [main] DEBUG - Save part 'docProps/app.xml'
08:34:04.649 [main] DEBUG - Save part 'docProps/core.xml'
08:34:04.655 [main] DEBUG - Save part 'xl/sharedStrings.xml'
08:34:04.656 [main] DEBUG - Save part 'xl/styles.xml'
08:34:04.656 [main] DEBUG - Save part 'xl/theme/theme1.xml'
08:34:04.657 [main] DEBUG - Save part 'xl/workbook.xml'
08:34:04.662 [main] DEBUG - Save part 'xl/worksheets/sheet1.xml'
08:34:04.662 [main] DEBUG - Save part 'xl/worksheets/sheet2.xml'
08:34:04.663 [main] DEBUG - Save part 'xl/worksheets/sheet3.xml'
08:34:04.664 [main] DEBUG - Save part 'xl/worksheets/sheet4.xml'
08:34:04.678 [main] DEBUG - Parsing relationship: /xl/_rels/workbook.xml.rels
08:34:04.679 [main] DEBUG - Parsing relationship: /_rels/.rels
08:34:04.791 [main] DEBUG - Save content types part
08:34:04.796 [main] DEBUG - Save package relationships
08:34:04.800 [main] DEBUG - Save part 'docProps/app.xml'
08:34:04.801 [main] DEBUG - Save part 'docProps/core.xml'
08:34:04.804 [main] DEBUG - Save part 'xl/sharedStrings.xml'
08:34:04.805 [main] DEBUG - Save part 'xl/styles.xml'
08:34:04.806 [main] DEBUG - Save part 'xl/theme/theme1.xml'
08:34:04.809 [main] DEBUG - Save part 'xl/workbook.xml'
08:34:04.814 [main] DEBUG - Save part 'xl/worksheets/sheet1.xml'
08:34:04.815 [main] DEBUG - Save part 'xl/worksheets/sheet2.xml'
08:34:04.816 [main] DEBUG - Save part 'xl/worksheets/sheet3.xml'
08:34:04.817 [main] DEBUG - Save part 'xl/worksheets/sheet4.xml'
08:34:04.834 [main] DEBUG - Parsing relationship: /xl/_rels/workbook.xml.rels
08:34:04.836 [main] DEBUG - Parsing relationship: /_rels/.rels
08:34:04.888 [main] DEBUG - Save content types part
08:34:04.890 [main] DEBUG - Save package relationships
08:34:04.892 [main] DEBUG - Save part 'docProps/app.xml'
08:34:04.892 [main] DEBUG - Save part 'docProps/core.xml'
08:34:04.895 [main] DEBUG - Save part 'xl/sharedStrings.xml'
08:34:04.896 [main] DEBUG - Save part 'xl/styles.xml'
08:34:04.897 [main] DEBUG - Save part 'xl/theme/theme1.xml'
08:34:04.899 [main] DEBUG - Save part 'xl/workbook.xml'
08:34:04.905 [main] DEBUG - Save part 'xl/worksheets/sheet1.xml'
08:34:04.906 [main] DEBUG - Save part 'xl/worksheets/sheet2.xml'
08:34:04.906 [main] DEBUG - Save part 'xl/worksheets/sheet3.xml'
08:34:04.907 [main] DEBUG - Save part 'xl/worksheets/sheet4.xml'
08:34:05.568 [main] DEBUG - Parsing relationship: /xl/_rels/workbook.xml.rels
08:34:05.570 [main] DEBUG - Parsing relationship: /_rels/.rels
08:34:05.637 [main] DEBUG - Save content types part
08:34:05.642 [main] DEBUG - Save package relationships
08:34:05.646 [main] DEBUG - Save part 'docProps/app.xml'
08:34:05.647 [main] DEBUG - Save part 'docProps/core.xml'
08:34:05.652 [main] DEBUG - Save part 'xl/sharedStrings.xml'
08:34:05.653 [main] DEBUG - Save part 'xl/styles.xml'
08:34:05.654 [main] DEBUG - Save part 'xl/theme/theme1.xml'
08:34:05.655 [main] DEBUG - Save part 'xl/workbook.xml'
08:34:05.660 [main] DEBUG - Save part 'xl/worksheets/sheet1.xml'
08:34:05.661 [main] DEBUG - Save part 'xl/worksheets/sheet2.xml'
08:34:05.661 [main] DEBUG - Save part 'xl/worksheets/sheet3.xml'
08:34:05.662 [main] DEBUG - Save part 'xl/worksheets/sheet4.xml'
08:34:05.705 [main] DEBUG - Parsing relationship: /xl/_rels/workbook.xml.rels
08:34:05.707 [main] DEBUG - Parsing relationship: /_rels/.rels
08:34:05.776 [main] DEBUG - Save content types part
08:34:05.778 [main] DEBUG - Save package relationships
08:34:05.780 [main] DEBUG - Save part 'docProps/app.xml'
08:34:05.782 [main] DEBUG - Save part 'docProps/core.xml'
08:34:05.787 [main] DEBUG - Save part 'xl/sharedStrings.xml'
08:34:05.787 [main] DEBUG - Save part 'xl/styles.xml'
08:34:05.788 [main] DEBUG - Save part 'xl/theme/theme1.xml'
08:34:05.789 [main] DEBUG - Save part 'xl/workbook.xml'
08:34:05.793 [main] DEBUG - Save part 'xl/worksheets/sheet1.xml'
08:34:05.796 [main] DEBUG - Save part 'xl/worksheets/sheet2.xml'
08:34:05.797 [main] DEBUG - Save part 'xl/worksheets/sheet3.xml'
08:34:05.797 [main] DEBUG - Save part 'xl/worksheets/sheet4.xml'
08:34:05.812 [main] DEBUG - Parsing relationship: /xl/_rels/workbook.xml.rels
08:34:05.814 [main] DEBUG - Parsing relationship: /_rels/.rels
08:34:05.884 [main] DEBUG - Save content types part
08:34:05.888 [main] DEBUG - Save package relationships
08:34:05.893 [main] DEBUG - Save part 'docProps/app.xml'
08:34:05.894 [main] DEBUG - Save part 'docProps/core.xml'
08:34:05.900 [main] DEBUG - Save part 'xl/sharedStrings.xml'
08:34:05.901 [main] DEBUG - Save part 'xl/styles.xml'
08:34:05.902 [main] DEBUG - Save part 'xl/theme/theme1.xml'
08:34:05.904 [main] DEBUG - Save part 'xl/workbook.xml'
08:34:05.909 [main] DEBUG - Save part 'xl/worksheets/sheet1.xml'
08:34:05.910 [main] DEBUG - Save part 'xl/worksheets/sheet2.xml'
08:34:05.911 [main] DEBUG - Save part 'xl/worksheets/sheet3.xml'
08:34:05.911 [main] DEBUG - Save part 'xl/worksheets/sheet4.xml'
08:34:06.215 [main] DEBUG - Parsing relationship: /xl/_rels/workbook.xml.rels
08:34:06.218 [main] DEBUG - Parsing relationship: /_rels/.rels
08:34:06.278 [main] DEBUG - Save content types part
08:34:06.282 [main] DEBUG - Save package relationships
08:34:06.285 [main] DEBUG - Save part 'docProps/app.xml'
08:34:06.286 [main] DEBUG - Save part 'docProps/core.xml'
08:34:06.290 [main] DEBUG - Save part 'xl/sharedStrings.xml'
08:34:06.290 [main] DEBUG - Save part 'xl/styles.xml'
08:34:06.291 [main] DEBUG - Save part 'xl/theme/theme1.xml'
08:34:06.292 [main] DEBUG - Save part 'xl/workbook.xml'
08:34:06.296 [main] DEBUG - Save part 'xl/worksheets/sheet1.xml'
08:34:06.296 [main] DEBUG - Save part 'xl/worksheets/sheet2.xml'
08:34:06.297 [main] DEBUG - Save part 'xl/worksheets/sheet3.xml'
08:34:06.297 [main] DEBUG - Save part 'xl/worksheets/sheet4.xml'
08:34:06.312 [main] DEBUG - Parsing relationship: /xl/_rels/workbook.xml.rels
08:34:06.313 [main] DEBUG - Parsing relationship: /_rels/.rels
08:34:06.363 [main] DEBUG - Save content types part
08:34:06.366 [main] DEBUG - Save package relationships
08:34:06.370 [main] DEBUG - Save part 'docProps/app.xml'
08:34:06.370 [main] DEBUG - Save part 'docProps/core.xml'
08:34:06.374 [main] DEBUG - Save part 'xl/sharedStrings.xml'
08:34:06.375 [main] DEBUG - Save part 'xl/styles.xml'
08:34:06.375 [main] DEBUG - Save part 'xl/theme/theme1.xml'
08:34:06.376 [main] DEBUG - Save part 'xl/workbook.xml'
08:34:06.378 [main] DEBUG - Save part 'xl/worksheets/sheet1.xml'
08:34:06.379 [main] DEBUG - Save part 'xl/worksheets/sheet2.xml'
08:34:06.379 [main] DEBUG - Save part 'xl/worksheets/sheet3.xml'
08:34:06.379 [main] DEBUG - Save part 'xl/worksheets/sheet4.xml'
08:34:06.398 [main] DEBUG - Parsing relationship: /xl/_rels/workbook.xml.rels
08:34:06.400 [main] DEBUG - Parsing relationship: /_rels/.rels
08:34:06.466 [main] DEBUG - Save content types part
08:34:06.470 [main] DEBUG - Save package relationships
08:34:06.473 [main] DEBUG - Save part 'docProps/app.xml'
08:34:06.474 [main] DEBUG - Save part 'docProps/core.xml'
08:34:06.477 [main] DEBUG - Save part 'xl/sharedStrings.xml'
08:34:06.478 [main] DEBUG - Save part 'xl/styles.xml'
08:34:06.478 [main] DEBUG - Save part 'xl/theme/theme1.xml'
08:34:06.478 [main] DEBUG - Save part 'xl/workbook.xml'
08:34:06.482 [main] DEBUG - Save part 'xl/worksheets/sheet1.xml'
08:34:06.483 [main] DEBUG - Save part 'xl/worksheets/sheet2.xml'
08:34:06.484 [main] DEBUG - Save part 'xl/worksheets/sheet3.xml'
08:34:06.484 [main] DEBUG - Save part 'xl/worksheets/sheet4.xml'
08:34:07.231 [main] DEBUG - Parsing relationship: /xl/_rels/workbook.xml.rels
08:34:07.232 [main] DEBUG - Parsing relationship: /_rels/.rels
08:34:07.278 [main] DEBUG - Save content types part
08:34:07.281 [main] DEBUG - Save package relationships
08:34:07.283 [main] DEBUG - Save part 'docProps/app.xml'
08:34:07.283 [main] DEBUG - Save part 'docProps/core.xml'
08:34:07.288 [main] DEBUG - Save part 'xl/sharedStrings.xml'
08:34:07.288 [main] DEBUG - Save part 'xl/styles.xml'
08:34:07.289 [main] DEBUG - Save part 'xl/theme/theme1.xml'
08:34:07.290 [main] DEBUG - Save part 'xl/workbook.xml'
08:34:07.295 [main] DEBUG - Save part 'xl/worksheets/sheet1.xml'
08:34:07.296 [main] DEBUG - Save part 'xl/worksheets/sheet2.xml'
08:34:07.296 [main] DEBUG - Save part 'xl/worksheets/sheet3.xml'
08:34:07.297 [main] DEBUG - Save part 'xl/worksheets/sheet4.xml'
08:34:07.311 [main] DEBUG - Parsing relationship: /xl/_rels/workbook.xml.rels
08:34:07.313 [main] DEBUG - Parsing relationship: /_rels/.rels
08:34:07.366 [main] DEBUG - Save content types part
08:34:07.369 [main] DEBUG - Save package relationships
08:34:07.371 [main] DEBUG - Save part 'docProps/app.xml'
08:34:07.373 [main] DEBUG - Save part 'docProps/core.xml'
08:34:07.375 [main] DEBUG - Save part 'xl/sharedStrings.xml'
08:34:07.376 [main] DEBUG - Save part 'xl/styles.xml'
08:34:07.376 [main] DEBUG - Save part 'xl/theme/theme1.xml'
08:34:07.377 [main] DEBUG - Save part 'xl/workbook.xml'
08:34:07.382 [main] DEBUG - Save part 'xl/worksheets/sheet1.xml'
08:34:07.383 [main] DEBUG - Save part 'xl/worksheets/sheet2.xml'
08:34:07.384 [main] DEBUG - Save part 'xl/worksheets/sheet3.xml'
08:34:07.384 [main] DEBUG - Save part 'xl/worksheets/sheet4.xml'
08:34:07.395 [main] DEBUG - Parsing relationship: /xl/_rels/workbook.xml.rels
08:34:07.397 [main] DEBUG - Parsing relationship: /_rels/.rels
08:34:07.431 [main] DEBUG - Save content types part
08:34:07.435 [main] DEBUG - Save package relationships
08:34:07.438 [main] DEBUG - Save part 'docProps/app.xml'
08:34:07.438 [main] DEBUG - Save part 'docProps/core.xml'
08:34:07.440 [main] DEBUG - Save part 'xl/sharedStrings.xml'
08:34:07.441 [main] DEBUG - Save part 'xl/styles.xml'
08:34:07.442 [main] DEBUG - Save part 'xl/theme/theme1.xml'
08:34:07.443 [main] DEBUG - Save part 'xl/workbook.xml'
08:34:07.447 [main] DEBUG - Save part 'xl/worksheets/sheet1.xml'
08:34:07.448 [main] DEBUG - Save part 'xl/worksheets/sheet2.xml'
08:34:07.448 [main] DEBUG - Save part 'xl/worksheets/sheet3.xml'
08:34:07.449 [main] DEBUG - Save part 'xl/worksheets/sheet4.xml'
08:34:07.781 [main] DEBUG - Parsing relationship: /xl/_rels/workbook.xml.rels
08:34:07.783 [main] DEBUG - Parsing relationship: /_rels/.rels
08:34:07.823 [main] DEBUG - Save content types part
08:34:07.826 [main] DEBUG - Save package relationships
08:34:07.829 [main] DEBUG - Save part 'docProps/app.xml'
08:34:07.830 [main] DEBUG - Save part 'docProps/core.xml'
08:34:07.833 [main] DEBUG - Save part 'xl/sharedStrings.xml'
08:34:07.834 [main] DEBUG - Save part 'xl/styles.xml'
08:34:07.834 [main] DEBUG - Save part 'xl/theme/theme1.xml'
08:34:07.835 [main] DEBUG - Save part 'xl/workbook.xml'
08:34:07.839 [main] DEBUG - Save part 'xl/worksheets/sheet1.xml'
08:34:07.839 [main] DEBUG - Save part 'xl/worksheets/sheet2.xml'
08:34:07.840 [main] DEBUG - Save part 'xl/worksheets/sheet3.xml'
08:34:07.840 [main] DEBUG - Save part 'xl/worksheets/sheet4.xml'
08:34:07.849 [main] DEBUG - Parsing relationship: /xl/_rels/workbook.xml.rels
08:34:07.850 [main] DEBUG - Parsing relationship: /_rels/.rels
08:34:07.881 [main] DEBUG - Save content types part
08:34:07.884 [main] DEBUG - Save package relationships
08:34:07.886 [main] DEBUG - Save part 'docProps/app.xml'
08:34:07.887 [main] DEBUG - Save part 'docProps/core.xml'
08:34:07.889 [main] DEBUG - Save part 'xl/sharedStrings.xml'
08:34:07.890 [main] DEBUG - Save part 'xl/styles.xml'
08:34:07.890 [main] DEBUG - Save part 'xl/theme/theme1.xml'
08:34:07.891 [main] DEBUG - Save part 'xl/workbook.xml'
08:34:07.894 [main] DEBUG - Save part 'xl/worksheets/sheet1.xml'
08:34:07.894 [main] DEBUG - Save part 'xl/worksheets/sheet2.xml'
08:34:07.895 [main] DEBUG - Save part 'xl/worksheets/sheet3.xml'
08:34:07.895 [main] DEBUG - Save part 'xl/worksheets/sheet4.xml'
08:34:07.904 [main] DEBUG - Parsing relationship: /xl/_rels/workbook.xml.rels
08:34:07.906 [main] DEBUG - Parsing relationship: /_rels/.rels
08:34:07.938 [main] DEBUG - Save content types part
08:34:07.941 [main] DEBUG - Save package relationships
08:34:07.942 [main] DEBUG - Save part 'docProps/app.xml'
08:34:07.943 [main] DEBUG - Save part 'docProps/core.xml'
08:34:07.945 [main] DEBUG - Save part 'xl/sharedStrings.xml'
08:34:07.945 [main] DEBUG - Save part 'xl/styles.xml'
08:34:07.945 [main] DEBUG - Save part 'xl/theme/theme1.xml'
08:34:07.946 [main] DEBUG - Save part 'xl/workbook.xml'
08:34:07.948 [main] DEBUG - Save part 'xl/worksheets/sheet1.xml'
08:34:07.949 [main] DEBUG - Save part 'xl/worksheets/sheet2.xml'
08:34:07.949 [main] DEBUG - Save part 'xl/worksheets/sheet3.xml'
08:34:07.950 [main] DEBUG - Save part 'xl/worksheets/sheet4.xml'
08:34:08.110 [main] DEBUG - Parsing relationship: /xl/_rels/workbook.xml.rels
08:34:08.111 [main] DEBUG - Parsing relationship: /_rels/.rels
08:34:08.137 [main] DEBUG - Save content types part
08:34:08.139 [main] DEBUG - Save package relationships
08:34:08.140 [main] DEBUG - Save part 'docProps/app.xml'
08:34:08.141 [main] DEBUG - Save part 'docProps/core.xml'
08:34:08.144 [main] DEBUG - Save part 'xl/sharedStrings.xml'
08:34:08.145 [main] DEBUG - Save part 'xl/styles.xml'
08:34:08.145 [main] DEBUG - Save part 'xl/theme/theme1.xml'
