08:34:08.146 [main] DEBUG - Save part 'xl/workbook.xml'
08:34:08.167 [main] DEBUG - Save part 'xl/worksheets/sheet1.xml'
08:34:08.167 [main] DEBUG - Save part 'xl/worksheets/sheet2.xml'
08:34:08.168 [main] DEBUG - Save part 'xl/worksheets/sheet3.xml'
08:34:08.168 [main] DEBUG - Save part 'xl/worksheets/sheet4.xml'
08:34:08.174 [main] DEBUG - Parsing relationship: /xl/_rels/workbook.xml.rels
08:34:08.174 [main] DEBUG - Parsing relationship: /_rels/.rels
08:34:08.194 [main] DEBUG - Save content types part
08:34:08.196 [main] DEBUG - Save package relationships
08:34:08.197 [main] DEBUG - Save part 'docProps/app.xml'
08:34:08.198 [main] DEBUG - Save part 'docProps/core.xml'
08:34:08.200 [main] DEBUG - Save part 'xl/sharedStrings.xml'
08:34:08.201 [main] DEBUG - Save part 'xl/styles.xml'
08:34:08.201 [main] DEBUG - Save part 'xl/theme/theme1.xml'
08:34:08.202 [main] DEBUG - Save part 'xl/workbook.xml'
08:34:08.204 [main] DEBUG - Save part 'xl/worksheets/sheet1.xml'
08:34:08.204 [main] DEBUG - Save part 'xl/worksheets/sheet2.xml'
08:34:08.204 [main] DEBUG - Save part 'xl/worksheets/sheet3.xml'
08:34:08.204 [main] DEBUG - Save part 'xl/worksheets/sheet4.xml'
08:34:08.209 [main] DEBUG - Parsing relationship: /xl/_rels/workbook.xml.rels
08:34:08.210 [main] DEBUG - Parsing relationship: /_rels/.rels
08:34:08.229 [main] DEBUG - Save content types part
08:34:08.230 [main] DEBUG - Save package relationships
08:34:08.231 [main] DEBUG - Save part 'docProps/app.xml'
08:34:08.231 [main] DEBUG - Save part 'docProps/core.xml'
08:34:08.234 [main] DEBUG - Save part 'xl/sharedStrings.xml'
08:34:08.234 [main] DEBUG - Save part 'xl/styles.xml'
08:34:08.235 [main] DEBUG - Save part 'xl/theme/theme1.xml'
08:34:08.235 [main] DEBUG - Save part 'xl/workbook.xml'
08:34:08.238 [main] DEBUG - Save part 'xl/worksheets/sheet1.xml'
08:34:08.238 [main] DEBUG - Save part 'xl/worksheets/sheet2.xml'
08:34:08.239 [main] DEBUG - Save part 'xl/worksheets/sheet3.xml'
08:34:08.239 [main] DEBUG - Save part 'xl/worksheets/sheet4.xml'
08:34:08.377 [main] DEBUG - Parsing relationship: /xl/_rels/workbook.xml.rels
08:34:08.378 [main] DEBUG - Parsing relationship: /_rels/.rels
08:34:08.407 [main] DEBUG - Save content types part
08:34:08.409 [main] DEBUG - Save package relationships
08:34:08.411 [main] DEBUG - Save part 'docProps/app.xml'
08:34:08.412 [main] DEBUG - Save part 'docProps/core.xml'
08:34:08.413 [main] DEBUG - Save part 'xl/sharedStrings.xml'
08:34:08.414 [main] DEBUG - Save part 'xl/styles.xml'
08:34:08.414 [main] DEBUG - Save part 'xl/theme/theme1.xml'
08:34:08.414 [main] DEBUG - Save part 'xl/workbook.xml'
08:34:08.417 [main] DEBUG - Save part 'xl/worksheets/sheet1.xml'
08:34:08.417 [main] DEBUG - Save part 'xl/worksheets/sheet2.xml'
08:34:08.418 [main] DEBUG - Save part 'xl/worksheets/sheet3.xml'
08:34:08.418 [main] DEBUG - Save part 'xl/worksheets/sheet4.xml'
08:34:08.423 [main] DEBUG - Parsing relationship: /xl/_rels/workbook.xml.rels
08:34:08.424 [main] DEBUG - Parsing relationship: /_rels/.rels
08:34:08.459 [main] DEBUG - Save content types part
08:34:08.462 [main] DEBUG - Save package relationships
08:34:08.464 [main] DEBUG - Save part 'docProps/app.xml'
08:34:08.465 [main] DEBUG - Save part 'docProps/core.xml'
08:34:08.468 [main] DEBUG - Save part 'xl/sharedStrings.xml'
08:34:08.469 [main] DEBUG - Save part 'xl/styles.xml'
08:34:08.469 [main] DEBUG - Save part 'xl/theme/theme1.xml'
08:34:08.470 [main] DEBUG - Save part 'xl/workbook.xml'
08:34:08.474 [main] DEBUG - Save part 'xl/worksheets/sheet1.xml'
08:34:08.474 [main] DEBUG - Save part 'xl/worksheets/sheet2.xml'
08:34:08.475 [main] DEBUG - Save part 'xl/worksheets/sheet3.xml'
08:34:08.475 [main] DEBUG - Save part 'xl/worksheets/sheet4.xml'
08:34:08.483 [main] DEBUG - Parsing relationship: /xl/_rels/workbook.xml.rels
08:34:08.484 [main] DEBUG - Parsing relationship: /_rels/.rels
08:34:08.516 [main] DEBUG - Save content types part
08:34:08.518 [main] DEBUG - Save package relationships
08:34:08.520 [main] DEBUG - Save part 'docProps/app.xml'
08:34:08.521 [main] DEBUG - Save part 'docProps/core.xml'
08:34:08.523 [main] DEBUG - Save part 'xl/sharedStrings.xml'
08:34:08.524 [main] DEBUG - Save part 'xl/styles.xml'
08:34:08.524 [main] DEBUG - Save part 'xl/theme/theme1.xml'
08:34:08.525 [main] DEBUG - Save part 'xl/workbook.xml'
08:34:08.528 [main] DEBUG - Save part 'xl/worksheets/sheet1.xml'
08:34:08.528 [main] DEBUG - Save part 'xl/worksheets/sheet2.xml'
08:34:08.528 [main] DEBUG - Save part 'xl/worksheets/sheet3.xml'
08:34:08.529 [main] DEBUG - Save part 'xl/worksheets/sheet4.xml'
08:34:08.553 [main] INFO  - **** Finished TC_001_UpcomingBike ****
